17:23:15  [main] 	Initializing Control Panel
17:23:15  [main] 	Windows Version:  Enterprise  64-bit
17:23:15  [main] 	XAMPP Version: 7.4.26
17:23:15  [main] 	Control Panel Version: 3.3.0  [ Compiled: Apr 6th 2021 ]
17:23:15  [main] 	Running with Administrator rights - good!
17:23:15  [main] 	XAMPP Installation Directory: "c:\xampp\"
17:23:15  [main] 	Checking for prerequisites
17:23:15  [main] 	All prerequisites found
17:23:15  [main] 	Initializing Modules
17:23:15  [main] 	The FileZilla module is disabled
17:23:15  [main] 	The Tomcat module is disabled
17:23:15  [main] 	Starting Check-Timer
17:23:15  [main] 	Control Panel Ready
17:25:30  [Apache] 	Attempting to start Apache app...
17:25:30  [Apache] 	Attempting to start Apache app...
17:25:30  [Apache] 	Status change detected: running
17:25:31  [mysql] 	Attempting to start MySQL app...
17:25:31  [mysql] 	Status change detected: running
17:25:32  [mysql] 	Status change detected: stopped
17:25:32  [mysql] 	Error: MySQL shutdown unexpectedly.
17:25:32  [mysql] 	This may be due to a blocked port, missing dependencies, 
17:25:32  [mysql] 	improper privileges, a crash, or a shutdown by another method.
17:25:32  [mysql] 	Press the Logs button to view error logs and check
17:25:32  [mysql] 	the Windows Event Viewer for more clues
17:25:32  [mysql] 	If you need more help, copy and post this
17:25:32  [mysql] 	entire log window on the forums
17:25:33  [mysql] 	Attempting to start MySQL app...
17:25:33  [mysql] 	Status change detected: running
17:28:24  [mysql] 	Attempting to stop MySQL app...
17:28:24  [mysql] 	Status change detected: stopped
17:28:24  [Apache] 	Attempting to stop Apache (PID: 16532)
17:28:24  [Apache] 	Attempting to stop Apache (PID: 7500)
17:28:25  [Apache] 	Status change detected: stopped
17:29:24  [Apache] 	Attempting to start Apache app...
17:29:25  [mysql] 	Attempting to start MySQL app...
17:29:25  [Apache] 	Status change detected: running
17:29:25  [mysql] 	Status change detected: running
17:55:09  [mysql] 	Attempting to stop MySQL app...
17:55:10  [Apache] 	Attempting to stop Apache (PID: 17668)
17:55:10  [Apache] 	Attempting to stop Apache (PID: 11064)
17:55:10  [Apache] 	Status change detected: stopped
17:55:10  [mysql] 	Status change detected: stopped
19:02:01  [Apache] 	Attempting to start Apache app...
19:02:01  [Apache] 	Status change detected: running
19:02:01  [mysql] 	Attempting to start MySQL app...
19:02:02  [mysql] 	Status change detected: running
19:02:02  [mysql] 	Status change detected: stopped
19:02:02  [mysql] 	Error: MySQL shutdown unexpectedly.
19:02:02  [mysql] 	This may be due to a blocked port, missing dependencies, 
19:02:02  [mysql] 	improper privileges, a crash, or a shutdown by another method.
19:02:02  [mysql] 	Press the Logs button to view error logs and check
19:02:02  [mysql] 	the Windows Event Viewer for more clues
19:02:02  [mysql] 	If you need more help, copy and post this
19:02:02  [mysql] 	entire log window on the forums
19:02:05  [mysql] 	Attempting to start MySQL app...
19:02:06  [mysql] 	Status change detected: running
19:06:32  [mysql] 	Attempting to stop MySQL app...
19:06:32  [mysql] 	Status change detected: stopped
19:06:32  [Apache] 	Attempting to stop Apache (PID: 11412)
19:06:32  [Apache] 	Attempting to stop Apache (PID: 18856)
19:06:33  [Apache] 	Status change detected: stopped
19:06:34  [Apache] 	Attempting to start Apache app...
19:06:34  [Apache] 	Status change detected: running
19:06:40  [mysql] 	Attempting to start MySQL app...
19:06:40  [mysql] 	Status change detected: running
19:47:17  [mysql] 	Attempting to stop MySQL app...
19:47:17  [mysql] 	Status change detected: stopped
19:47:17  [Apache] 	Attempting to stop Apache (PID: 10596)
19:47:17  [Apache] 	Attempting to stop Apache (PID: 2132)
19:47:17  [Apache] 	Status change detected: stopped
19:47:29  [main] 	Deinitializing Modules
19:47:29  [main] 	Deinitializing Control Panel

16:28:39  [main] 	Initializing Control Panel
16:28:39  [main] 	Windows Version:  Enterprise  64-bit
16:28:39  [main] 	XAMPP Version: 7.4.26
16:28:39  [main] 	Control Panel Version: 3.3.0  [ Compiled: Apr 6th 2021 ]
16:28:39  [main] 	Running with Administrator rights - good!
16:28:39  [main] 	XAMPP Installation Directory: "c:\xampp\"
16:28:39  [main] 	Checking for prerequisites
16:28:39  [main] 	All prerequisites found
16:28:39  [main] 	Initializing Modules
16:28:39  [main] 	The FileZilla module is disabled
16:28:39  [main] 	The Tomcat module is disabled
16:28:39  [main] 	Starting Check-Timer
16:28:39  [main] 	Control Panel Ready
16:28:40  [Apache] 	Attempting to start Apache app...
16:28:41  [Apache] 	Status change detected: running
16:28:41  [mysql] 	Attempting to start MySQL app...
16:28:42  [mysql] 	Status change detected: running
16:49:52  [mysql] 	Attempting to stop MySQL app...
16:49:52  [mysql] 	Status change detected: stopped
16:49:52  [Apache] 	Attempting to stop Apache (PID: 11132)
16:49:52  [Apache] 	Attempting to stop Apache (PID: 22656)
16:49:53  [Apache] 	Status change detected: stopped
16:49:55  [main] 	Deinitializing Modules
16:49:55  [main] 	Deinitializing Control Panel

9:23:12  [main] 	Initializing Control Panel
9:23:12  [main] 	Windows Version:  Enterprise  64-bit
9:23:12  [main] 	XAMPP Version: 7.4.26
9:23:12  [main] 	Control Panel Version: 3.3.0  [ Compiled: Apr 6th 2021 ]
9:23:12  [main] 	Running with Administrator rights - good!
9:23:12  [main] 	XAMPP Installation Directory: "c:\xampp\"
9:23:12  [main] 	Checking for prerequisites
9:23:13  [main] 	All prerequisites found
9:23:13  [main] 	Initializing Modules
9:23:13  [main] 	The FileZilla module is disabled
9:23:13  [main] 	The Tomcat module is disabled
9:23:13  [main] 	Starting Check-Timer
9:23:13  [main] 	Control Panel Ready
9:23:15  [Apache] 	Attempting to start Apache app...
9:23:15  [Apache] 	Status change detected: running
9:23:15  [mysql] 	Attempting to start MySQL app...
9:23:15  [mysql] 	Status change detected: running
10:27:34  [mysql] 	Attempting to stop MySQL app...
10:27:34  [mysql] 	Status change detected: stopped
10:27:35  [Apache] 	Attempting to stop Apache (PID: 1408)
10:27:35  [Apache] 	Attempting to stop Apache (PID: 13740)
10:27:35  [Apache] 	Status change detected: stopped
11:05:55  [Apache] 	Attempting to start Apache app...
11:05:55  [Apache] 	Status change detected: running
11:05:55  [mysql] 	Attempting to start MySQL app...
11:05:56  [mysql] 	Status change detected: running
12:58:29  [Apache] 	Attempting to stop Apache (PID: 19404)
12:58:29  [Apache] 	Attempting to stop Apache (PID: 19024)
12:58:29  [Apache] 	Status change detected: stopped
12:58:29  [mysql] 	Attempting to stop MySQL app...
12:58:30  [mysql] 	Status change detected: stopped
13:07:09  [Apache] 	Attempting to start Apache app...
13:07:09  [mysql] 	Attempting to start MySQL app...
13:07:09  [Apache] 	Status change detected: running
13:07:09  [mysql] 	Status change detected: running
16:26:15  [mysql] 	Attempting to stop MySQL app...
16:26:16  [mysql] 	Status change detected: stopped
16:26:17  [Apache] 	Attempting to stop Apache (PID: 15576)
16:26:17  [Apache] 	Attempting to stop Apache (PID: 12700)
16:26:17  [Apache] 	Status change detected: stopped
16:28:41  [Apache] 	Status change detected: running
16:28:41  [mysql] 	Status change detected: running
16:49:52  [mysql] 	Status change detected: stopped
16:49:53  [Apache] 	Status change detected: stopped
16:50:27  [main] 	Deinitializing Modules
16:50:27  [main] 	Deinitializing Control Panel

9:37:12  [main] 	Initializing Control Panel
9:37:12  [main] 	Windows Version:  Enterprise  64-bit
9:37:12  [main] 	XAMPP Version: 7.4.26
9:37:12  [main] 	Control Panel Version: 3.3.0  [ Compiled: Apr 6th 2021 ]
9:37:12  [main] 	Running with Administrator rights - good!
9:37:12  [main] 	XAMPP Installation Directory: "c:\xampp\"
9:37:12  [main] 	Checking for prerequisites
9:37:13  [main] 	All prerequisites found
9:37:13  [main] 	Initializing Modules
9:37:13  [main] 	The FileZilla module is disabled
9:37:13  [main] 	The Tomcat module is disabled
9:37:13  [main] 	Starting Check-Timer
9:37:13  [main] 	Control Panel Ready
9:37:15  [Apache] 	Attempting to start Apache app...
9:37:15  [Apache] 	Status change detected: running
9:37:16  [mysql] 	Attempting to start MySQL app...
9:37:16  [mysql] 	Status change detected: running
9:37:28  [mysql] 	Attempting to stop MySQL app...
9:37:28  [mysql] 	Status change detected: stopped
9:37:29  [Apache] 	Attempting to stop Apache (PID: 17260)
9:37:29  [Apache] 	Attempting to stop Apache (PID: 20044)
9:37:29  [Apache] 	Status change detected: stopped
10:05:18  [Apache] 	Attempting to start Apache app...
10:05:18  [Apache] 	Status change detected: running
10:05:19  [mysql] 	Attempting to start MySQL app...
10:05:19  [mysql] 	Status change detected: running
10:05:19  [mysql] 	Status change detected: stopped
10:05:19  [mysql] 	Error: MySQL shutdown unexpectedly.
10:05:19  [mysql] 	This may be due to a blocked port, missing dependencies, 
10:05:19  [mysql] 	improper privileges, a crash, or a shutdown by another method.
10:05:19  [mysql] 	Press the Logs button to view error logs and check
10:05:19  [mysql] 	the Windows Event Viewer for more clues
10:05:19  [mysql] 	If you need more help, copy and post this
10:05:19  [mysql] 	entire log window on the forums
10:05:26  [mysql] 	Attempting to start MySQL app...
10:05:26  [mysql] 	Status change detected: running
10:19:51  [mysql] 	Attempting to stop MySQL app...
10:19:54  [Apache] 	Attempting to stop Apache (PID: 14804)
10:19:54  [Apache] 	Attempting to stop Apache (PID: 19112)
10:19:54  [mysql] 	Attempting to stop MySQL app...
10:19:54  [mysql] 	There may be an error, return code: 40902064 - 
10:19:54  [Apache] 	Status change detected: stopped
10:19:54  [mysql] 	Status change detected: stopped
10:59:38  [Apache] 	Attempting to start Apache app...
10:59:38  [Apache] 	Status change detected: running
10:59:38  [mysql] 	Attempting to start MySQL app...
10:59:39  [mysql] 	Status change detected: running
10:59:40  [mysql] 	Status change detected: stopped
10:59:40  [mysql] 	Error: MySQL shutdown unexpectedly.
10:59:40  [mysql] 	This may be due to a blocked port, missing dependencies, 
10:59:40  [mysql] 	improper privileges, a crash, or a shutdown by another method.
10:59:40  [mysql] 	Press the Logs button to view error logs and check
10:59:40  [mysql] 	the Windows Event Viewer for more clues
10:59:40  [mysql] 	If you need more help, copy and post this
10:59:40  [mysql] 	entire log window on the forums
10:59:42  [mysql] 	Attempting to start MySQL app...
10:59:42  [mysql] 	Status change detected: running
19:43:13  [mysql] 	Attempting to stop MySQL app...
19:43:13  [mysql] 	Status change detected: stopped
19:43:14  [Apache] 	Attempting to stop Apache (PID: 11924)
19:43:14  [Apache] 	Attempting to stop Apache (PID: 10532)
19:43:14  [Apache] 	Status change detected: stopped
19:43:32  [main] 	Deinitializing Modules
19:43:32  [main] 	Deinitializing Control Panel

10:44:44  [main] 	Initializing Control Panel
10:44:44  [main] 	Windows Version:  Enterprise  64-bit
10:44:44  [main] 	XAMPP Version: 7.4.26
10:44:44  [main] 	Control Panel Version: 3.3.0  [ Compiled: Apr 6th 2021 ]
10:44:44  [main] 	Running with Administrator rights - good!
10:44:44  [main] 	XAMPP Installation Directory: "c:\xampp\"
10:44:44  [main] 	Checking for prerequisites
10:44:45  [main] 	All prerequisites found
10:44:45  [main] 	Initializing Modules
10:44:45  [main] 	The FileZilla module is disabled
10:44:45  [main] 	The Tomcat module is disabled
10:44:45  [main] 	Starting Check-Timer
10:44:45  [main] 	Control Panel Ready
10:44:46  [Apache] 	Attempting to start Apache app...
10:44:46  [Apache] 	Status change detected: running
10:44:47  [mysql] 	Attempting to start MySQL app...
10:44:47  [mysql] 	Status change detected: running
11:06:35  [mysql] 	Status change detected: stopped
11:06:35  [mysql] 	Error: MySQL shutdown unexpectedly.
11:06:35  [mysql] 	This may be due to a blocked port, missing dependencies, 
11:06:35  [mysql] 	improper privileges, a crash, or a shutdown by another method.
11:06:35  [mysql] 	Press the Logs button to view error logs and check
11:06:35  [mysql] 	the Windows Event Viewer for more clues
11:06:35  [mysql] 	If you need more help, copy and post this
11:06:35  [mysql] 	entire log window on the forums
11:07:38  [mysql] 	Attempting to start MySQL app...
11:07:38  [mysql] 	Status change detected: running
18:52:27  [mysql] 	Attempting to stop MySQL app...
18:52:27  [mysql] 	Status change detected: stopped
18:52:27  [Apache] 	Attempting to stop Apache (PID: 21452)
18:52:27  [Apache] 	Attempting to stop Apache (PID: 18828)
18:52:27  [Apache] 	Status change detected: stopped
18:53:04  [main] 	Deinitializing Modules
18:53:04  [main] 	Deinitializing Control Panel

8:33:12  [main] 	Initializing Control Panel
8:33:12  [main] 	Windows Version:  Enterprise  64-bit
8:33:12  [main] 	XAMPP Version: 7.4.26
8:33:12  [main] 	Control Panel Version: 3.3.0  [ Compiled: Apr 6th 2021 ]
8:33:12  [main] 	Running with Administrator rights - good!
8:33:12  [main] 	XAMPP Installation Directory: "c:\xampp\"
8:33:12  [main] 	Checking for prerequisites
8:33:12  [main] 	All prerequisites found
8:33:12  [main] 	Initializing Modules
8:33:12  [main] 	The FileZilla module is disabled
8:33:12  [main] 	The Tomcat module is disabled
8:33:12  [main] 	Starting Check-Timer
8:33:12  [main] 	Control Panel Ready
8:33:14  [Apache] 	Attempting to start Apache app...
8:33:14  [Apache] 	Status change detected: running
8:33:18  [mysql] 	Attempting to start MySQL app...
8:33:18  [mysql] 	Status change detected: running
8:33:19  [mysql] 	Status change detected: stopped
8:33:19  [mysql] 	Error: MySQL shutdown unexpectedly.
8:33:19  [mysql] 	This may be due to a blocked port, missing dependencies, 
8:33:19  [mysql] 	improper privileges, a crash, or a shutdown by another method.
8:33:19  [mysql] 	Press the Logs button to view error logs and check
8:33:19  [mysql] 	the Windows Event Viewer for more clues
8:33:19  [mysql] 	If you need more help, copy and post this
8:33:19  [mysql] 	entire log window on the forums
8:33:21  [mysql] 	Attempting to start MySQL app...
8:33:21  [mysql] 	Status change detected: running
10:32:14  [mysql] 	Attempting to stop MySQL app...
10:32:14  [mysql] 	Status change detected: stopped
10:32:14  [Apache] 	Attempting to stop Apache (PID: 21000)
10:32:14  [Apache] 	Attempting to stop Apache (PID: 16336)
10:32:15  [Apache] 	Status change detected: stopped
10:39:59  [Apache] 	Attempting to start Apache app...
10:39:59  [Apache] 	Status change detected: running
10:40:05  [mysql] 	Attempting to start MySQL app...
10:40:05  [mysql] 	Status change detected: running
10:40:06  [mysql] 	Status change detected: stopped
10:40:06  [mysql] 	Error: MySQL shutdown unexpectedly.
10:40:06  [mysql] 	This may be due to a blocked port, missing dependencies, 
10:40:06  [mysql] 	improper privileges, a crash, or a shutdown by another method.
10:40:06  [mysql] 	Press the Logs button to view error logs and check
10:40:06  [mysql] 	the Windows Event Viewer for more clues
10:40:06  [mysql] 	If you need more help, copy and post this
10:40:06  [mysql] 	entire log window on the forums
10:40:07  [mysql] 	Attempting to start MySQL app...
10:40:07  [mysql] 	Status change detected: running
11:05:38  [mysql] 	Attempting to stop MySQL app...
11:05:39  [Apache] 	Attempting to stop Apache (PID: 14252)
11:05:39  [Apache] 	Attempting to stop Apache (PID: 12032)
11:05:39  [Apache] 	Status change detected: stopped
11:05:39  [mysql] 	Status change detected: stopped
11:14:18  [Apache] 	Attempting to start Apache app...
11:14:18  [Apache] 	Status change detected: running
11:14:18  [mysql] 	Attempting to start MySQL app...
11:14:18  [mysql] 	Status change detected: running
11:34:30  [mysql] 	Attempting to stop MySQL app...
11:34:30  [mysql] 	Status change detected: stopped
11:34:30  [Apache] 	Attempting to stop Apache (PID: 22912)
11:34:30  [Apache] 	Attempting to stop Apache (PID: 11512)
11:34:31  [Apache] 	Status change detected: stopped
11:35:00  [Apache] 	Attempting to start Apache app...
11:35:00  [Apache] 	Status change detected: running
11:35:04  [mysql] 	Attempting to start MySQL app...
11:35:04  [mysql] 	Status change detected: running
11:38:15  [mysql] 	Attempting to stop MySQL app...
11:38:15  [mysql] 	Status change detected: stopped
11:38:16  [Apache] 	Attempting to stop Apache (PID: 12400)
11:38:16  [Apache] 	Attempting to stop Apache (PID: 16924)
11:38:16  [Apache] 	Status change detected: stopped
11:38:43  [Apache] 	Attempting to start Apache app...
11:38:43  [Apache] 	Status change detected: running
11:38:43  [mysql] 	Attempting to start MySQL app...
11:38:43  [mysql] 	Status change detected: running
11:43:35  [mysql] 	Attempting to stop MySQL app...
11:43:36  [Apache] 	Attempting to stop Apache (PID: 11148)
11:43:36  [Apache] 	Attempting to stop Apache (PID: 8172)
11:43:36  [Apache] 	Status change detected: stopped
11:43:36  [mysql] 	Status change detected: stopped
11:45:35  [Apache] 	Attempting to start Apache app...
11:45:35  [Apache] 	Status change detected: running
11:45:37  [mysql] 	Attempting to start MySQL app...
11:45:37  [mysql] 	Status change detected: running
19:48:19  [mysql] 	Attempting to stop MySQL app...
19:48:19  [mysql] 	Status change detected: stopped
19:48:19  [Apache] 	Attempting to stop Apache (PID: 22896)
19:48:19  [Apache] 	Attempting to stop Apache (PID: 11600)
19:48:20  [Apache] 	Status change detected: stopped
19:48:31  [main] 	Deinitializing Modules
19:48:31  [main] 	Deinitializing Control Panel

10:22:57  [main] 	Initializing Control Panel
10:22:57  [main] 	Windows Version:  Enterprise  64-bit
10:22:57  [main] 	XAMPP Version: 7.4.26
10:22:57  [main] 	Control Panel Version: 3.3.0  [ Compiled: Apr 6th 2021 ]
10:22:57  [main] 	Running with Administrator rights - good!
10:22:57  [main] 	XAMPP Installation Directory: "c:\xampp\"
10:22:57  [main] 	Checking for prerequisites
10:22:58  [main] 	All prerequisites found
10:22:58  [main] 	Initializing Modules
10:22:58  [main] 	The FileZilla module is disabled
10:22:58  [main] 	The Tomcat module is disabled
10:22:58  [main] 	Starting Check-Timer
10:22:58  [main] 	Control Panel Ready
10:23:00  [Apache] 	Attempting to start Apache app...
10:23:00  [Apache] 	Status change detected: running
10:23:01  [mysql] 	Attempting to start MySQL app...
10:23:01  [mysql] 	Status change detected: running
10:23:02  [mysql] 	Status change detected: stopped
10:23:02  [mysql] 	Error: MySQL shutdown unexpectedly.
10:23:02  [mysql] 	This may be due to a blocked port, missing dependencies, 
10:23:02  [mysql] 	improper privileges, a crash, or a shutdown by another method.
10:23:02  [mysql] 	Press the Logs button to view error logs and check
10:23:02  [mysql] 	the Windows Event Viewer for more clues
10:23:02  [mysql] 	If you need more help, copy and post this
10:23:02  [mysql] 	entire log window on the forums
10:23:06  [mysql] 	Attempting to start MySQL app...
10:23:07  [mysql] 	Status change detected: running
10:39:04  [mysql] 	Status change detected: stopped
10:39:04  [mysql] 	Error: MySQL shutdown unexpectedly.
10:39:04  [mysql] 	This may be due to a blocked port, missing dependencies, 
10:39:04  [mysql] 	improper privileges, a crash, or a shutdown by another method.
10:39:04  [mysql] 	Press the Logs button to view error logs and check
10:39:04  [mysql] 	the Windows Event Viewer for more clues
10:39:04  [mysql] 	If you need more help, copy and post this
10:39:04  [mysql] 	entire log window on the forums
10:42:12  [mysql] 	Attempting to start MySQL app...
10:42:12  [mysql] 	Status change detected: running
13:10:21  [mysql] 	Attempting to stop MySQL app...
13:10:21  [mysql] 	Status change detected: stopped
13:10:21  [Apache] 	Attempting to stop Apache (PID: 21452)
13:10:21  [Apache] 	Attempting to stop Apache (PID: 20416)
13:10:22  [Apache] 	Status change detected: stopped
13:11:55  [main] 	Deinitializing Modules
13:11:55  [main] 	Deinitializing Control Panel

13:21:50  [main] 	Initializing Control Panel
13:21:50  [main] 	Windows Version:  Enterprise  64-bit
13:21:50  [main] 	XAMPP Version: 7.4.26
13:21:50  [main] 	Control Panel Version: 3.3.0  [ Compiled: Apr 6th 2021 ]
13:21:50  [main] 	Running with Administrator rights - good!
13:21:50  [main] 	XAMPP Installation Directory: "c:\xampp\"
13:21:50  [main] 	Checking for prerequisites
13:21:50  [main] 	All prerequisites found
13:21:50  [main] 	Initializing Modules
13:21:50  [main] 	The FileZilla module is disabled
13:21:50  [main] 	The Tomcat module is disabled
13:21:50  [main] 	Starting Check-Timer
13:21:50  [main] 	Control Panel Ready
13:21:51  [Apache] 	Attempting to start Apache app...
13:21:51  [Apache] 	Status change detected: running
13:21:52  [mysql] 	Attempting to start MySQL app...
13:21:52  [mysql] 	Status change detected: running
14:03:37  [mysql] 	Attempting to stop MySQL app...
14:03:38  [mysql] 	Status change detected: stopped
14:03:38  [Apache] 	Attempting to stop Apache (PID: 10264)
14:03:38  [Apache] 	Attempting to stop Apache (PID: 11872)
14:03:38  [Apache] 	Status change detected: stopped
14:04:21  [main] 	Deinitializing Modules
14:04:21  [main] 	Deinitializing Control Panel

11:05:31  [main] 	Initializing Control Panel
11:05:31  [main] 	Windows Version:  Enterprise  64-bit
11:05:31  [main] 	XAMPP Version: 7.4.26
11:05:31  [main] 	Control Panel Version: 3.3.0  [ Compiled: Apr 6th 2021 ]
11:05:31  [main] 	Running with Administrator rights - good!
11:05:31  [main] 	XAMPP Installation Directory: "c:\xampp\"
11:05:31  [main] 	Checking for prerequisites
11:05:31  [main] 	All prerequisites found
11:05:31  [main] 	Initializing Modules
11:05:31  [main] 	The FileZilla module is disabled
11:05:31  [main] 	The Tomcat module is disabled
11:05:31  [main] 	Starting Check-Timer
11:05:31  [main] 	Control Panel Ready
11:05:33  [Apache] 	Attempting to start Apache app...
11:05:33  [Apache] 	Status change detected: running
11:05:34  [mysql] 	Attempting to start MySQL app...
11:05:34  [mysql] 	Status change detected: running
16:37:03  [mysql] 	Attempting to stop MySQL app...
16:37:03  [mysql] 	Status change detected: stopped
16:37:03  [Apache] 	Attempting to stop Apache (PID: 7664)
16:37:03  [Apache] 	Attempting to stop Apache (PID: 8564)
16:37:03  [Apache] 	Status change detected: stopped
16:52:18  [main] 	Deinitializing Modules
16:52:18  [main] 	Deinitializing Control Panel

13:38:39  [main] 	Initializing Control Panel
13:38:39  [main] 	Windows Version:  Enterprise  64-bit
13:38:39  [main] 	XAMPP Version: 7.4.26
13:38:39  [main] 	Control Panel Version: 3.3.0  [ Compiled: Apr 6th 2021 ]
13:38:39  [main] 	Running with Administrator rights - good!
13:38:39  [main] 	XAMPP Installation Directory: "c:\xampp\"
13:38:39  [main] 	Checking for prerequisites
13:38:39  [main] 	All prerequisites found
13:38:39  [main] 	Initializing Modules
13:38:39  [main] 	The FileZilla module is disabled
13:38:39  [main] 	The Tomcat module is disabled
13:38:39  [main] 	Starting Check-Timer
13:38:39  [main] 	Control Panel Ready
13:38:41  [mysql] 	Attempting to start MySQL app...
13:38:41  [Apache] 	Attempting to start Apache app...
13:38:41  [Apache] 	Status change detected: running
13:38:41  [mysql] 	Status change detected: running
13:38:42  [mysql] 	Status change detected: stopped
13:38:42  [mysql] 	Error: MySQL shutdown unexpectedly.
13:38:42  [mysql] 	This may be due to a blocked port, missing dependencies, 
13:38:42  [mysql] 	improper privileges, a crash, or a shutdown by another method.
13:38:42  [mysql] 	Press the Logs button to view error logs and check
13:38:42  [mysql] 	the Windows Event Viewer for more clues
13:38:42  [mysql] 	If you need more help, copy and post this
13:38:42  [mysql] 	entire log window on the forums
13:38:43  [mysql] 	Attempting to start MySQL app...
13:38:44  [mysql] 	Status change detected: running
13:38:44  [mysql] 	Status change detected: stopped
13:38:44  [mysql] 	Error: MySQL shutdown unexpectedly.
13:38:44  [mysql] 	This may be due to a blocked port, missing dependencies, 
13:38:44  [mysql] 	improper privileges, a crash, or a shutdown by another method.
13:38:44  [mysql] 	Press the Logs button to view error logs and check
13:38:44  [mysql] 	the Windows Event Viewer for more clues
13:38:44  [mysql] 	If you need more help, copy and post this
13:38:44  [mysql] 	entire log window on the forums
13:38:45  [mysql] 	Attempting to start MySQL app...
13:38:45  [mysql] 	Status change detected: running
13:38:48  [mysql] 	Status change detected: stopped
13:38:48  [mysql] 	Error: MySQL shutdown unexpectedly.
13:38:48  [mysql] 	This may be due to a blocked port, missing dependencies, 
13:38:48  [mysql] 	improper privileges, a crash, or a shutdown by another method.
13:38:48  [mysql] 	Press the Logs button to view error logs and check
13:38:48  [mysql] 	the Windows Event Viewer for more clues
13:38:48  [mysql] 	If you need more help, copy and post this
13:38:48  [mysql] 	entire log window on the forums
13:38:50  [mysql] 	Attempting to start MySQL app...
13:38:50  [mysql] 	Status change detected: running
19:47:36  [Apache] 	Attempting to stop Apache (PID: 15108)
19:47:36  [Apache] 	Attempting to stop Apache (PID: 6608)
19:47:36  [Apache] 	Status change detected: stopped
19:47:37  [mysql] 	Attempting to stop MySQL app...
19:47:37  [mysql] 	Status change detected: stopped
19:47:43  [main] 	Deinitializing Modules
19:47:43  [main] 	Deinitializing Control Panel

18:45:57  [main] 	Initializing Control Panel
18:45:57  [main] 	Windows Version:  Enterprise  64-bit
18:45:57  [main] 	XAMPP Version: 7.4.26
18:45:57  [main] 	Control Panel Version: 3.3.0  [ Compiled: Apr 6th 2021 ]
18:45:57  [main] 	Running with Administrator rights - good!
18:45:57  [main] 	XAMPP Installation Directory: "c:\xampp\"
18:45:57  [main] 	Checking for prerequisites
18:45:58  [main] 	All prerequisites found
18:45:58  [main] 	Initializing Modules
18:45:58  [main] 	The FileZilla module is disabled
18:45:58  [main] 	The Tomcat module is disabled
18:45:58  [main] 	Starting Check-Timer
18:45:58  [main] 	Control Panel Ready
18:46:00  [Apache] 	Attempting to start Apache app...
18:46:00  [Apache] 	Status change detected: running
18:46:07  [mysql] 	Attempting to start MySQL app...
18:46:07  [mysql] 	Status change detected: running
19:49:09  [mysql] 	Attempting to stop MySQL app...
19:49:09  [mysql] 	Status change detected: stopped
19:49:10  [Apache] 	Attempting to stop Apache (PID: 420)
19:49:10  [Apache] 	Attempting to stop Apache (PID: 19644)
19:49:10  [Apache] 	Status change detected: stopped
19:49:13  [main] 	Deinitializing Modules
19:49:13  [main] 	Deinitializing Control Panel

11:02:45  [main] 	Initializing Control Panel
11:02:45  [main] 	Windows Version:  Enterprise  64-bit
11:02:45  [main] 	XAMPP Version: 7.4.26
11:02:45  [main] 	Control Panel Version: 3.3.0  [ Compiled: Apr 6th 2021 ]
11:02:45  [main] 	Running with Administrator rights - good!
11:02:45  [main] 	XAMPP Installation Directory: "c:\xampp\"
11:02:45  [main] 	Checking for prerequisites
11:02:45  [main] 	All prerequisites found
11:02:45  [main] 	Initializing Modules
11:02:45  [main] 	The FileZilla module is disabled
11:02:45  [main] 	The Tomcat module is disabled
11:02:45  [main] 	Starting Check-Timer
11:02:45  [main] 	Control Panel Ready
11:02:47  [Apache] 	Attempting to start Apache app...
11:02:47  [Apache] 	Status change detected: running
11:02:47  [mysql] 	Attempting to start MySQL app...
11:02:47  [mysql] 	Status change detected: running
18:04:32  [mysql] 	Attempting to stop MySQL app...
18:04:32  [mysql] 	Status change detected: stopped
18:04:32  [Apache] 	Attempting to stop Apache (PID: 16912)
18:04:32  [Apache] 	Attempting to stop Apache (PID: 13092)
18:04:33  [Apache] 	Status change detected: stopped
18:04:42  [main] 	Deinitializing Modules
18:04:42  [main] 	Deinitializing Control Panel

10:26:51  [main] 	Initializing Control Panel
10:26:51  [main] 	Windows Version:  Enterprise  64-bit
10:26:51  [main] 	XAMPP Version: 7.4.26
10:26:51  [main] 	Control Panel Version: 3.3.0  [ Compiled: Apr 6th 2021 ]
10:26:51  [main] 	Running with Administrator rights - good!
10:26:51  [main] 	XAMPP Installation Directory: "c:\xampp\"
10:26:51  [main] 	Checking for prerequisites
10:26:51  [main] 	All prerequisites found
10:26:51  [main] 	Initializing Modules
10:26:51  [main] 	The FileZilla module is disabled
10:26:51  [main] 	The Tomcat module is disabled
10:26:51  [main] 	Starting Check-Timer
10:26:51  [main] 	Control Panel Ready
10:26:54  [Apache] 	Attempting to start Apache app...
10:26:54  [Apache] 	Status change detected: running
10:26:54  [mysql] 	Attempting to start MySQL app...
10:26:54  [mysql] 	Status change detected: running
10:26:55  [mysql] 	Status change detected: stopped
10:26:55  [mysql] 	Error: MySQL shutdown unexpectedly.
10:26:55  [mysql] 	This may be due to a blocked port, missing dependencies, 
10:26:55  [mysql] 	improper privileges, a crash, or a shutdown by another method.
10:26:55  [mysql] 	Press the Logs button to view error logs and check
10:26:55  [mysql] 	the Windows Event Viewer for more clues
10:26:55  [mysql] 	If you need more help, copy and post this
10:26:55  [mysql] 	entire log window on the forums
10:26:56  [mysql] 	Attempting to start MySQL app...
10:26:56  [mysql] 	Status change detected: running
13:12:55  [mysql] 	Attempting to stop MySQL app...
13:12:55  [mysql] 	Status change detected: stopped
13:12:56  [Apache] 	Attempting to stop Apache (PID: 13836)
13:12:56  [Apache] 	Attempting to stop Apache (PID: 18780)
13:12:56  [Apache] 	Status change detected: stopped
13:12:57  [Apache] 	Attempting to start Apache app...
13:12:58  [Apache] 	Status change detected: running
13:12:58  [mysql] 	Attempting to start MySQL app...
13:12:58  [mysql] 	Status change detected: running
13:15:28  [mysql] 	Attempting to stop MySQL app...
13:15:29  [mysql] 	Status change detected: stopped
13:15:29  [Apache] 	Attempting to stop Apache (PID: 2528)
13:15:29  [Apache] 	Attempting to stop Apache (PID: 1420)
13:15:29  [Apache] 	Status change detected: stopped
13:15:37  [main] 	Deinitializing Modules
13:15:37  [main] 	Deinitializing Control Panel

8:33:28  [main] 	Initializing Control Panel
8:33:28  [main] 	Windows Version:  Enterprise  64-bit
8:33:28  [main] 	XAMPP Version: 7.4.26
8:33:28  [main] 	Control Panel Version: 3.3.0  [ Compiled: Apr 6th 2021 ]
8:33:28  [main] 	Running with Administrator rights - good!
8:33:28  [main] 	XAMPP Installation Directory: "c:\xampp\"
8:33:28  [main] 	Checking for prerequisites
8:33:28  [main] 	All prerequisites found
8:33:28  [main] 	Initializing Modules
8:33:28  [main] 	The FileZilla module is disabled
8:33:28  [main] 	The Tomcat module is disabled
8:33:28  [main] 	Starting Check-Timer
8:33:28  [main] 	Control Panel Ready
8:33:30  [Apache] 	Attempting to start Apache app...
8:33:30  [Apache] 	Status change detected: running
8:33:30  [mysql] 	Attempting to start MySQL app...
8:33:30  [mysql] 	Status change detected: running
8:33:32  [mysql] 	Status change detected: stopped
8:33:32  [mysql] 	Error: MySQL shutdown unexpectedly.
8:33:32  [mysql] 	This may be due to a blocked port, missing dependencies, 
8:33:32  [mysql] 	improper privileges, a crash, or a shutdown by another method.
8:33:32  [mysql] 	Press the Logs button to view error logs and check
8:33:32  [mysql] 	the Windows Event Viewer for more clues
8:33:32  [mysql] 	If you need more help, copy and post this
8:33:32  [mysql] 	entire log window on the forums
8:33:33  [mysql] 	Attempting to start MySQL app...
8:33:33  [mysql] 	Status change detected: running
13:26:39  [mysql] 	Attempting to stop MySQL app...
13:26:39  [mysql] 	Status change detected: stopped
13:26:39  [Apache] 	Attempting to stop Apache (PID: 10796)
13:26:39  [Apache] 	Attempting to stop Apache (PID: 19228)
13:26:40  [Apache] 	Status change detected: stopped
13:27:58  [Apache] 	Attempting to start Apache app...
13:27:58  [Apache] 	Status change detected: running
13:27:58  [mysql] 	Attempting to start MySQL app...
13:27:59  [mysql] 	Status change detected: running
14:09:07  [mysql] 	Attempting to stop MySQL app...
14:09:07  [mysql] 	Status change detected: stopped
14:09:08  [Apache] 	Attempting to stop Apache (PID: 2260)
14:09:08  [Apache] 	Attempting to stop Apache (PID: 23548)
14:09:08  [Apache] 	Status change detected: stopped
14:09:09  [main] 	Deinitializing Modules
14:09:09  [main] 	Deinitializing Control Panel

11:09:58  [main] 	Initializing Control Panel
11:09:58  [main] 	Windows Version:  Enterprise  64-bit
11:09:58  [main] 	XAMPP Version: 7.4.26
11:09:58  [main] 	Control Panel Version: 3.3.0  [ Compiled: Apr 6th 2021 ]
11:09:58  [main] 	Running with Administrator rights - good!
11:09:58  [main] 	XAMPP Installation Directory: "c:\xampp\"
11:09:58  [main] 	Checking for prerequisites
11:09:58  [main] 	All prerequisites found
11:09:58  [main] 	Initializing Modules
11:09:58  [main] 	The FileZilla module is disabled
11:09:58  [main] 	The Tomcat module is disabled
11:09:58  [main] 	Starting Check-Timer
11:09:58  [main] 	Control Panel Ready
11:10:00  [Apache] 	Attempting to start Apache app...
11:10:00  [Apache] 	Status change detected: running
11:10:00  [mysql] 	Attempting to start MySQL app...
11:10:01  [mysql] 	Status change detected: running
11:10:02  [mysql] 	Status change detected: stopped
11:10:02  [mysql] 	Error: MySQL shutdown unexpectedly.
11:10:02  [mysql] 	This may be due to a blocked port, missing dependencies, 
11:10:02  [mysql] 	improper privileges, a crash, or a shutdown by another method.
11:10:02  [mysql] 	Press the Logs button to view error logs and check
11:10:02  [mysql] 	the Windows Event Viewer for more clues
11:10:02  [mysql] 	If you need more help, copy and post this
11:10:02  [mysql] 	entire log window on the forums
11:10:03  [mysql] 	Attempting to start MySQL app...
11:10:04  [mysql] 	Status change detected: running
11:16:13  [mysql] 	Attempting to stop MySQL app...
11:16:13  [mysql] 	Status change detected: stopped
11:16:13  [Apache] 	Attempting to stop Apache (PID: 704)
11:16:13  [Apache] 	Attempting to stop Apache (PID: 11480)
11:16:14  [Apache] 	Status change detected: stopped
11:16:48  [Apache] 	Attempting to start Apache app...
11:16:48  [Apache] 	Status change detected: running
11:16:48  [mysql] 	Attempting to start MySQL app...
11:16:48  [mysql] 	Status change detected: running
16:05:39  [mysql] 	Attempting to stop MySQL app...
16:05:39  [Apache] 	Attempting to stop Apache (PID: 12072)
16:05:39  [Apache] 	Attempting to stop Apache (PID: 21040)
16:05:39  [Apache] 	Status change detected: stopped
16:05:39  [mysql] 	Status change detected: stopped
16:05:40  [main] 	Deinitializing Modules
16:05:40  [main] 	Deinitializing Control Panel

20:14:21  [main] 	Initializing Control Panel
20:14:21  [main] 	Windows Version:  Enterprise  64-bit
20:14:21  [main] 	XAMPP Version: 7.4.26
20:14:21  [main] 	Control Panel Version: 3.3.0  [ Compiled: Apr 6th 2021 ]
20:14:21  [main] 	Running with Administrator rights - good!
20:14:21  [main] 	XAMPP Installation Directory: "c:\xampp\"
20:14:21  [main] 	Checking for prerequisites
20:14:21  [main] 	All prerequisites found
20:14:21  [main] 	Initializing Modules
20:14:22  [main] 	The FileZilla module is disabled
20:14:22  [main] 	The Tomcat module is disabled
20:14:22  [main] 	Starting Check-Timer
20:14:22  [main] 	Control Panel Ready
20:14:23  [Apache] 	Attempting to start Apache app...
20:14:24  [Apache] 	Status change detected: running
20:14:24  [mysql] 	Attempting to start MySQL app...
20:14:24  [mysql] 	Status change detected: running
13:27:57  [mysql] 	Attempting to stop MySQL app...
13:27:57  [mysql] 	Status change detected: stopped
13:27:57  [Apache] 	Attempting to stop Apache (PID: 10716)
13:27:57  [Apache] 	Attempting to stop Apache (PID: 22460)
13:27:57  [Apache] 	Status change detected: stopped
13:27:59  [main] 	Deinitializing Modules
13:27:59  [main] 	Deinitializing Control Panel

14:17:45  [main] 	Initializing Control Panel
14:17:45  [main] 	Windows Version:  Enterprise  64-bit
14:17:45  [main] 	XAMPP Version: 7.4.26
14:17:45  [main] 	Control Panel Version: 3.3.0  [ Compiled: Apr 6th 2021 ]
14:17:45  [main] 	Running with Administrator rights - good!
14:17:45  [main] 	XAMPP Installation Directory: "c:\xampp\"
14:17:46  [main] 	Checking for prerequisites
14:17:46  [main] 	All prerequisites found
14:17:46  [main] 	Initializing Modules
14:17:46  [main] 	The FileZilla module is disabled
14:17:46  [main] 	The Tomcat module is disabled
14:17:46  [main] 	Starting Check-Timer
14:17:46  [main] 	Control Panel Ready
14:17:48  [Apache] 	Attempting to start Apache app...
14:17:48  [Apache] 	Status change detected: running
14:17:48  [mysql] 	Attempting to start MySQL app...
14:17:49  [mysql] 	Status change detected: running
20:37:57  [mysql] 	Attempting to stop MySQL app...
20:37:57  [mysql] 	Status change detected: stopped
20:37:57  [Apache] 	Attempting to stop Apache (PID: 18876)
20:37:57  [Apache] 	Attempting to stop Apache (PID: 27080)
20:37:58  [Apache] 	Status change detected: stopped
20:38:10  [main] 	Deinitializing Modules
20:38:10  [main] 	Deinitializing Control Panel

20:13:51  [main] 	Initializing Control Panel
20:13:51  [main] 	Windows Version:  Home  64-bit
20:13:51  [main] 	XAMPP Version: 7.4.26
20:13:51  [main] 	Control Panel Version: 3.3.0  [ Compiled: Apr 6th 2021 ]
20:13:51  [main] 	Running with Administrator rights - good!
20:13:51  [main] 	XAMPP Installation Directory: "c:\xampp\"
20:13:51  [main] 	Checking for prerequisites
20:13:53  [main] 	All prerequisites found
20:13:53  [main] 	Initializing Modules
20:13:53  [main] 	The FileZilla module is disabled
20:13:53  [main] 	The Tomcat module is disabled
20:13:53  [main] 	Starting Check-Timer
20:13:53  [main] 	Control Panel Ready
20:13:58  [main] 	Deinitializing Modules
20:13:58  [main] 	Deinitializing Control Panel

20:33:38  [main] 	Initializing Control Panel
20:33:38  [main] 	Windows Version:  Home  64-bit
20:33:38  [main] 	XAMPP Version: 7.4.26
20:33:38  [main] 	Control Panel Version: 3.3.0  [ Compiled: Apr 6th 2021 ]
20:33:38  [main] 	Running with Administrator rights - good!
20:33:38  [main] 	XAMPP Installation Directory: "c:\xampp\"
20:33:38  [main] 	Checking for prerequisites
20:33:39  [main] 	All prerequisites found
20:33:39  [main] 	Initializing Modules
20:33:39  [main] 	The FileZilla module is disabled
20:33:39  [main] 	The Tomcat module is disabled
20:33:39  [main] 	Starting Check-Timer
20:33:39  [main] 	Control Panel Ready
20:33:52  [Apache] 	Status change detected: running
20:33:56  [mysql] 	Status change detected: running
9:47:35  [Apache] 	Status change detected: stopped
9:47:35  [Apache] 	Error: Apache shutdown unexpectedly.
9:47:35  [Apache] 	This may be due to a blocked port, missing dependencies, 
9:47:35  [Apache] 	improper privileges, a crash, or a shutdown by another method.
9:47:35  [Apache] 	Press the Logs button to view error logs and check
9:47:35  [Apache] 	the Windows Event Viewer for more clues
9:47:35  [Apache] 	If you need more help, copy and post this
9:47:35  [Apache] 	entire log window on the forums
9:47:36  [mysql] 	Status change detected: stopped
9:47:36  [mysql] 	Error: MySQL shutdown unexpectedly.
9:47:36  [mysql] 	This may be due to a blocked port, missing dependencies, 
9:47:36  [mysql] 	improper privileges, a crash, or a shutdown by another method.
9:47:36  [mysql] 	Press the Logs button to view error logs and check
9:47:36  [mysql] 	the Windows Event Viewer for more clues
9:47:36  [mysql] 	If you need more help, copy and post this
9:47:36  [mysql] 	entire log window on the forums
20:14:03  [main] 	Deinitializing Modules
20:14:03  [main] 	Deinitializing Control Panel

20:33:48  [main] 	Initializing Control Panel
20:33:48  [main] 	Windows Version:  Home  64-bit
20:33:48  [main] 	XAMPP Version: 7.4.26
20:33:48  [main] 	Control Panel Version: 3.3.0  [ Compiled: Apr 6th 2021 ]
20:33:48  [main] 	Running with Administrator rights - good!
20:33:48  [main] 	XAMPP Installation Directory: "c:\xampp\"
20:33:48  [main] 	Checking for prerequisites
20:33:49  [main] 	All prerequisites found
20:33:49  [main] 	Initializing Modules
20:33:49  [main] 	The FileZilla module is disabled
20:33:49  [main] 	The Tomcat module is disabled
20:33:49  [main] 	Starting Check-Timer
20:33:49  [main] 	Control Panel Ready
20:33:50  [Apache] 	Attempting to start Apache app...
20:33:52  [Apache] 	Status change detected: running
20:33:55  [mysql] 	Attempting to start MySQL app...
20:33:56  [mysql] 	Status change detected: running
9:47:35  [Apache] 	Attempting to stop Apache (PID: 66256)
9:47:35  [Apache] 	Attempting to stop Apache (PID: 64536)
9:47:35  [Apache] 	Status change detected: stopped
9:47:36  [mysql] 	Attempting to stop MySQL app...
9:47:36  [mysql] 	Status change detected: stopped
20:14:06  [main] 	Deinitializing Modules
20:14:06  [main] 	Deinitializing Control Panel

20:33:35  [main] 	Initializing Control Panel
20:33:35  [main] 	Windows Version:  Home  64-bit
20:33:35  [main] 	XAMPP Version: 7.4.26
20:33:35  [main] 	Control Panel Version: 3.3.0  [ Compiled: Apr 6th 2021 ]
20:33:35  [main] 	You are not running with administrator rights! This will work for
20:33:35  [main] 	most application stuff but whenever you do something with services
20:33:35  [main] 	there will be a security dialogue or things will break! So think 
20:33:35  [main] 	about running this application with administrator rights!
20:33:35  [main] 	XAMPP Installation Directory: "c:\xampp\"
20:33:35  [main] 	Checking for prerequisites
20:33:38  [main] 	All prerequisites found
20:33:38  [main] 	Initializing Modules
20:33:38  [main] 	The FileZilla module is disabled
20:33:38  [main] 	The Tomcat module is disabled
20:33:38  [main] 	Starting Check-Timer
20:33:38  [main] 	Control Panel Ready
20:14:07  [main] 	Deinitializing Modules
20:14:07  [main] 	Deinitializing Control Panel

20:14:14  [main] 	Initializing Control Panel
20:14:14  [main] 	Windows Version:  Home  64-bit
20:14:14  [main] 	XAMPP Version: 7.4.26
20:14:14  [main] 	Control Panel Version: 3.3.0  [ Compiled: Apr 6th 2021 ]
20:14:14  [main] 	Running with Administrator rights - good!
20:14:14  [main] 	XAMPP Installation Directory: "c:\xampp\"
20:14:14  [main] 	Checking for prerequisites
20:14:14  [main] 	All prerequisites found
20:14:14  [main] 	Initializing Modules
20:14:14  [main] 	The FileZilla module is disabled
20:14:14  [main] 	The Tomcat module is disabled
20:14:14  [main] 	Starting Check-Timer
20:14:14  [main] 	Control Panel Ready
20:14:15  [Apache] 	Attempting to start Apache app...
20:14:15  [Apache] 	Status change detected: running
20:14:15  [mysql] 	Attempting to start MySQL app...
20:14:16  [mysql] 	Status change detected: running
23:51:51  [mysql] 	Attempting to stop MySQL app...
23:51:51  [mysql] 	Status change detected: stopped
23:51:52  [Apache] 	Attempting to stop Apache (PID: 70536)
23:51:52  [Apache] 	Attempting to stop Apache (PID: 65792)
23:51:53  [Apache] 	Status change detected: stopped
23:51:56  [main] 	Deinitializing Modules
23:51:56  [main] 	Deinitializing Control Panel

11:33:14  [main] 	Initializing Control Panel
11:33:14  [main] 	Windows Version:  Home  64-bit
11:33:14  [main] 	XAMPP Version: 7.4.26
11:33:14  [main] 	Control Panel Version: 3.3.0  [ Compiled: Apr 6th 2021 ]
11:33:14  [main] 	Running with Administrator rights - good!
11:33:14  [main] 	XAMPP Installation Directory: "c:\xampp\"
11:33:14  [main] 	Checking for prerequisites
11:33:17  [main] 	All prerequisites found
11:33:17  [main] 	Initializing Modules
11:33:17  [main] 	The FileZilla module is disabled
11:33:17  [main] 	The Tomcat module is disabled
11:33:17  [main] 	Starting Check-Timer
11:33:17  [main] 	Control Panel Ready
11:33:19  [Apache] 	Attempting to start Apache app...
11:33:19  [Apache] 	Status change detected: running
11:33:19  [mysql] 	Attempting to start MySQL app...
11:33:20  [mysql] 	Status change detected: running
2:03:12  [main] 	Deinitializing Modules
2:03:12  [main] 	Deinitializing Control Panel

1:44:47  [main] 	Initializing Control Panel
1:44:47  [main] 	Windows Version:  Home  64-bit
1:44:47  [main] 	XAMPP Version: 7.4.26
1:44:47  [main] 	Control Panel Version: 3.3.0  [ Compiled: Apr 6th 2021 ]
1:44:47  [main] 	Running with Administrator rights - good!
1:44:47  [main] 	XAMPP Installation Directory: "c:\xampp\"
1:44:47  [main] 	Checking for prerequisites
1:44:49  [main] 	All prerequisites found
1:44:49  [main] 	Initializing Modules
1:44:49  [main] 	The FileZilla module is disabled
1:44:49  [main] 	The Tomcat module is disabled
1:44:49  [main] 	Starting Check-Timer
1:44:49  [main] 	Control Panel Ready
1:44:51  [Apache] 	Attempting to start Apache app...
1:44:52  [mysql] 	Attempting to start MySQL app...
1:44:52  [mysql] 	Attempting to start MySQL app...
1:44:52  [Apache] 	Status change detected: running
1:44:52  [mysql] 	Status change detected: running
1:44:53  [Apache] 	Attempting to stop Apache (PID: 1788)
1:44:53  [Apache] 	Status change detected: stopped
1:44:54  [Apache] 	Attempting to start Apache app...
1:44:55  [Apache] 	Status change detected: running
9:15:44  [mysql] 	Attempting to stop MySQL app...
9:15:44  [mysql] 	Attempting to stop MySQL app...
9:15:44  [mysql] 	Status change detected: stopped
9:15:44  [Apache] 	Attempting to stop Apache (PID: 3372)
9:15:44  [Apache] 	Attempting to stop Apache (PID: 2676)
9:15:44  [Apache] 	Status change detected: stopped
9:16:02  [main] 	Deinitializing Modules
9:16:02  [main] 	Deinitializing Control Panel

8:15:35  [main] 	Initializing Control Panel
8:15:35  [main] 	Windows Version:  Home  64-bit
8:15:35  [main] 	XAMPP Version: 7.4.26
8:15:35  [main] 	Control Panel Version: 3.3.0  [ Compiled: Apr 6th 2021 ]
8:15:35  [main] 	Running with Administrator rights - good!
8:15:35  [main] 	XAMPP Installation Directory: "c:\xampp\"
8:15:35  [main] 	Checking for prerequisites
8:15:40  [main] 	All prerequisites found
8:15:40  [main] 	Initializing Modules
8:15:40  [main] 	The FileZilla module is disabled
8:15:40  [main] 	The Tomcat module is disabled
8:15:40  [main] 	Starting Check-Timer
8:15:40  [main] 	Control Panel Ready
8:16:18  [mysql] 	Attempting to start MySQL app...
8:16:19  [Apache] 	Attempting to start Apache app...
8:16:19  [Apache] 	Status change detected: running
8:16:19  [mysql] 	Status change detected: running
8:32:03  [mysql] 	Attempting to stop MySQL app...
8:32:03  [mysql] 	Status change detected: stopped
8:32:04  [Apache] 	Attempting to stop Apache (PID: 9056)
8:32:04  [Apache] 	Attempting to stop Apache (PID: 13900)
8:32:04  [Apache] 	Status change detected: stopped
8:32:06  [main] 	Deinitializing Modules
8:32:06  [main] 	Deinitializing Control Panel

15:10:26  [main] 	Initializing Control Panel
15:10:26  [main] 	Windows Version:  Home  64-bit
15:10:26  [main] 	XAMPP Version: 7.4.26
15:10:26  [main] 	Control Panel Version: 3.3.0  [ Compiled: Apr 6th 2021 ]
15:10:26  [main] 	Running with Administrator rights - good!
15:10:26  [main] 	XAMPP Installation Directory: "c:\xampp\"
15:10:26  [main] 	Checking for prerequisites
15:10:28  [main] 	All prerequisites found
15:10:28  [main] 	Initializing Modules
15:10:28  [main] 	The FileZilla module is disabled
15:10:28  [main] 	The Tomcat module is disabled
15:10:28  [main] 	Starting Check-Timer
15:10:29  [main] 	Control Panel Ready
15:10:34  [Apache] 	Attempting to start Apache app...
15:10:36  [Apache] 	Status change detected: running
15:10:45  [mysql] 	Attempting to start MySQL app...
15:10:45  [mysql] 	Status change detected: running
6:49:17  [mysql] 	Attempting to stop MySQL app...
6:49:18  [mysql] 	Status change detected: stopped
6:49:18  [Apache] 	Attempting to stop Apache (PID: 14148)
6:49:18  [Apache] 	Attempting to stop Apache (PID: 1608)
6:49:18  [Apache] 	Status change detected: stopped
8:16:20  [Apache] 	Status change detected: running
8:16:20  [mysql] 	Status change detected: running
8:32:03  [mysql] 	Status change detected: stopped
8:32:04  [Apache] 	Status change detected: stopped
8:32:27  [main] 	Deinitializing Modules
8:32:27  [main] 	Deinitializing Control Panel

12:21:55  [main] 	Initializing Control Panel
12:21:55  [main] 	Windows Version:  Home  64-bit
12:21:55  [main] 	XAMPP Version: 7.4.26
12:21:55  [main] 	Control Panel Version: 3.3.0  [ Compiled: Apr 6th 2021 ]
12:21:55  [main] 	Running with Administrator rights - good!
12:21:55  [main] 	XAMPP Installation Directory: "c:\xampp\"
12:21:55  [main] 	Checking for prerequisites
12:21:59  [main] 	All prerequisites found
12:21:59  [main] 	Initializing Modules
12:21:59  [main] 	The FileZilla module is disabled
12:21:59  [main] 	The Tomcat module is disabled
12:21:59  [main] 	Starting Check-Timer
12:21:59  [main] 	Control Panel Ready
12:22:10  [Apache] 	Attempting to start Apache app...
12:22:11  [Apache] 	Status change detected: running
12:22:11  [mysql] 	Attempting to start MySQL app...
12:22:11  [mysql] 	Status change detected: running
19:41:29  [mysql] 	Attempting to stop MySQL app...
19:41:29  [Apache] 	Attempting to stop Apache (PID: 8256)
19:41:29  [Apache] 	Attempting to stop Apache (PID: 10992)
19:41:30  [mysql] 	Status change detected: stopped
19:41:30  [Apache] 	Status change detected: stopped
19:41:39  [main] 	Deinitializing Modules
19:41:39  [main] 	Deinitializing Control Panel

22:29:44  [main] 	Initializing Control Panel
22:29:44  [main] 	Windows Version:  Home  64-bit
22:29:44  [main] 	XAMPP Version: 7.4.26
22:29:44  [main] 	Control Panel Version: 3.3.0  [ Compiled: Apr 6th 2021 ]
22:29:44  [main] 	Running with Administrator rights - good!
22:29:44  [main] 	XAMPP Installation Directory: "c:\xampp\"
22:29:44  [main] 	Checking for prerequisites
22:29:46  [main] 	All prerequisites found
22:29:46  [main] 	Initializing Modules
22:29:46  [main] 	The FileZilla module is disabled
22:29:46  [main] 	The Tomcat module is disabled
22:29:46  [main] 	Starting Check-Timer
22:29:46  [main] 	Control Panel Ready
22:29:48  [Apache] 	Attempting to start Apache app...
22:29:48  [Apache] 	Status change detected: running
22:29:49  [mysql] 	Attempting to start MySQL app...
22:29:50  [mysql] 	Status change detected: running
1:03:43  [mysql] 	Attempting to stop MySQL app...
1:03:44  [mysql] 	Status change detected: stopped
1:03:44  [Apache] 	Attempting to stop Apache (PID: 8412)
1:03:44  [Apache] 	Attempting to stop Apache (PID: 18120)
1:03:44  [Apache] 	Status change detected: stopped
1:03:50  [main] 	Deinitializing Modules
1:03:50  [main] 	Deinitializing Control Panel

7:16:55  [main] 	Initializing Control Panel
7:16:55  [main] 	Windows Version:  Home  64-bit
7:16:55  [main] 	XAMPP Version: 7.4.26
7:16:55  [main] 	Control Panel Version: 3.3.0  [ Compiled: Apr 6th 2021 ]
7:16:55  [main] 	Running with Administrator rights - good!
7:16:55  [main] 	XAMPP Installation Directory: "c:\xampp\"
7:16:55  [main] 	Checking for prerequisites
7:17:00  [main] 	All prerequisites found
7:17:00  [main] 	Initializing Modules
7:17:00  [main] 	The FileZilla module is disabled
7:17:00  [main] 	The Tomcat module is disabled
7:17:00  [main] 	Starting Check-Timer
7:17:00  [main] 	Control Panel Ready
7:17:02  [Apache] 	Attempting to start Apache app...
7:17:02  [Apache] 	Status change detected: running
7:17:02  [mysql] 	Attempting to start MySQL app...
7:17:03  [mysql] 	Status change detected: running
8:35:13  [Apache] 	Status change detected: stopped
8:35:13  [Apache] 	Error: Apache shutdown unexpectedly.
8:35:13  [Apache] 	This may be due to a blocked port, missing dependencies, 
8:35:13  [Apache] 	improper privileges, a crash, or a shutdown by another method.
8:35:13  [Apache] 	Press the Logs button to view error logs and check
8:35:13  [Apache] 	the Windows Event Viewer for more clues
8:35:13  [Apache] 	If you need more help, copy and post this
8:35:13  [Apache] 	entire log window on the forums
8:35:13  [mysql] 	Status change detected: stopped
8:35:13  [mysql] 	Error: MySQL shutdown unexpectedly.
8:35:13  [mysql] 	This may be due to a blocked port, missing dependencies, 
8:35:13  [mysql] 	improper privileges, a crash, or a shutdown by another method.
8:35:13  [mysql] 	Press the Logs button to view error logs and check
8:35:13  [mysql] 	the Windows Event Viewer for more clues
8:35:13  [mysql] 	If you need more help, copy and post this
8:35:13  [mysql] 	entire log window on the forums
8:35:14  [Apache] 	Status change detected: running
8:35:14  [mysql] 	Status change detected: running
8:35:14  [Apache] 	Status change detected: stopped
8:35:14  [Apache] 	Error: Apache shutdown unexpectedly.
8:35:14  [Apache] 	This may be due to a blocked port, missing dependencies, 
8:35:14  [Apache] 	improper privileges, a crash, or a shutdown by another method.
8:35:14  [Apache] 	Press the Logs button to view error logs and check
8:35:14  [Apache] 	the Windows Event Viewer for more clues
8:35:14  [Apache] 	If you need more help, copy and post this
8:35:14  [Apache] 	entire log window on the forums
8:35:14  [mysql] 	Status change detected: stopped
8:35:14  [mysql] 	Error: MySQL shutdown unexpectedly.
8:35:14  [mysql] 	This may be due to a blocked port, missing dependencies, 
8:35:14  [mysql] 	improper privileges, a crash, or a shutdown by another method.
8:35:14  [mysql] 	Press the Logs button to view error logs and check
8:35:14  [mysql] 	the Windows Event Viewer for more clues
8:35:14  [mysql] 	If you need more help, copy and post this
8:35:14  [mysql] 	entire log window on the forums
8:35:48  [Apache] 	Status change detected: running
8:35:48  [mysql] 	Status change detected: running
18:20:41  [Apache] 	Status change detected: stopped
18:20:41  [Apache] 	Error: Apache shutdown unexpectedly.
18:20:41  [Apache] 	This may be due to a blocked port, missing dependencies, 
18:20:41  [Apache] 	improper privileges, a crash, or a shutdown by another method.
18:20:41  [Apache] 	Press the Logs button to view error logs and check
18:20:41  [Apache] 	the Windows Event Viewer for more clues
18:20:41  [Apache] 	If you need more help, copy and post this
18:20:41  [Apache] 	entire log window on the forums
18:20:41  [mysql] 	Status change detected: stopped
18:20:41  [mysql] 	Error: MySQL shutdown unexpectedly.
18:20:41  [mysql] 	This may be due to a blocked port, missing dependencies, 
18:20:41  [mysql] 	improper privileges, a crash, or a shutdown by another method.
18:20:41  [mysql] 	Press the Logs button to view error logs and check
18:20:41  [mysql] 	the Windows Event Viewer for more clues
18:20:41  [mysql] 	If you need more help, copy and post this
18:20:41  [mysql] 	entire log window on the forums
18:20:42  [Apache] 	Status change detected: running
18:20:42  [mysql] 	Status change detected: running
4:16:33  [mysql] 	Attempting to stop MySQL app...
4:16:33  [mysql] 	Status change detected: stopped
4:16:33  [Apache] 	Attempting to stop Apache (PID: 20816)
4:16:33  [Apache] 	Attempting to stop Apache (PID: 13048)
4:16:34  [Apache] 	Status change detected: stopped
4:17:09  [main] 	Deinitializing Modules
4:17:10  [main] 	Deinitializing Control Panel

18:00:28  [main] 	Initializing Control Panel
18:00:28  [main] 	Windows Version:  Home  64-bit
18:00:28  [main] 	XAMPP Version: 7.4.26
18:00:28  [main] 	Control Panel Version: 3.3.0  [ Compiled: Apr 6th 2021 ]
18:00:28  [main] 	Running with Administrator rights - good!
18:00:28  [main] 	XAMPP Installation Directory: "c:\xampp\"
18:00:28  [main] 	Checking for prerequisites
18:00:30  [main] 	All prerequisites found
18:00:30  [main] 	Initializing Modules
18:00:30  [main] 	The FileZilla module is disabled
18:00:30  [main] 	The Tomcat module is disabled
18:00:30  [main] 	Starting Check-Timer
18:00:30  [main] 	Control Panel Ready
18:00:31  [Apache] 	Attempting to start Apache app...
18:00:33  [Apache] 	Attempting to start Apache app...
18:00:33  [Apache] 	Status change detected: running
18:00:33  [mysql] 	Attempting to start MySQL app...
18:00:34  [mysql] 	Status change detected: running
0:07:26  [main] 	Deinitializing Modules
0:07:26  [main] 	Deinitializing Control Panel

0:23:22  [main] 	Initializing Control Panel
0:23:22  [main] 	Windows Version:  Home  64-bit
0:23:22  [main] 	XAMPP Version: 7.4.26
0:23:22  [main] 	Control Panel Version: 3.3.0  [ Compiled: Apr 6th 2021 ]
0:23:22  [main] 	Running with Administrator rights - good!
0:23:22  [main] 	XAMPP Installation Directory: "c:\xampp\"
0:23:22  [main] 	Checking for prerequisites
0:23:27  [main] 	All prerequisites found
0:23:27  [main] 	Initializing Modules
0:23:27  [main] 	The FileZilla module is disabled
0:23:27  [main] 	The Tomcat module is disabled
0:23:27  [main] 	Starting Check-Timer
0:23:27  [main] 	Control Panel Ready
0:23:31  [Apache] 	Attempting to start Apache app...
0:23:31  [Apache] 	Status change detected: running
0:23:31  [mysql] 	Attempting to start MySQL app...
0:23:32  [mysql] 	Status change detected: running
0:38:49  [mysql] 	Attempting to stop MySQL app...
0:38:49  [Apache] 	Attempting to stop Apache (PID: 19780)
0:38:49  [Apache] 	Attempting to stop Apache (PID: 8976)
0:38:49  [Apache] 	Status change detected: stopped
0:38:49  [mysql] 	Status change detected: stopped
0:38:56  [main] 	Deinitializing Modules
0:38:56  [main] 	Deinitializing Control Panel

0:40:26  [main] 	Initializing Control Panel
0:40:26  [main] 	Windows Version:  Home  64-bit
0:40:26  [main] 	XAMPP Version: 7.4.26
0:40:26  [main] 	Control Panel Version: 3.3.0  [ Compiled: Apr 6th 2021 ]
0:40:26  [main] 	Running with Administrator rights - good!
0:40:26  [main] 	XAMPP Installation Directory: "c:\xampp\"
0:40:26  [main] 	Checking for prerequisites
0:40:27  [main] 	All prerequisites found
0:40:27  [main] 	Initializing Modules
0:40:27  [main] 	The FileZilla module is disabled
0:40:27  [main] 	The Tomcat module is disabled
0:40:27  [main] 	Starting Check-Timer
0:40:27  [main] 	Control Panel Ready
0:40:29  [Apache] 	Attempting to start Apache app...
0:40:29  [Apache] 	Status change detected: running
0:40:29  [mysql] 	Attempting to start MySQL app...
0:40:29  [mysql] 	Status change detected: running
1:19:49  [Apache] 	Attempting to stop Apache (PID: 516)
1:19:49  [Apache] 	Attempting to stop Apache (PID: 9824)
1:19:50  [mysql] 	Attempting to stop MySQL app...
1:19:50  [Apache] 	Status change detected: stopped
1:19:50  [mysql] 	Status change detected: stopped
3:13:54  [main] 	Deinitializing Modules
3:13:54  [main] 	Deinitializing Control Panel

